#
# A fatal error has been detected by the Java Runtime Environment:
#
# java.lang.OutOfMemoryError: requested 1396736 bytes for card table expansion. Out of swap space?
#
#  Internal Error (cardTableModRefBS.cpp:277), pid=8028, tid=7488
#  Error: card table expansion
#
# JRE version: 6.0_24-b07
# Java VM: Java HotSpot(TM) 64-Bit Server VM (19.1-b02 mixed mode windows-amd64 compressed oops)
# If you would like to submit a bug report, please visit:
#   http://java.sun.com/webapps/bugreport/crash.jsp
#

---------------  T H R E A D  ---------------

Current thread (0x00000000005bd000):  JavaThread "Unknown thread" [_thread_in_vm, id=7488, stack(0x00000000024d0000,0x00000000025d0000)]

Stack: [0x00000000024d0000,0x00000000025d0000]

---------------  P R O C E S S  ---------------

Java Threads: ( => current thread )

Other Threads:

=>0x00000000005bd000 (exited) JavaThread "Unknown thread" [_thread_in_vm, id=7488, stack(0x00000000024d0000,0x00000000025d0000)]

VM state:not at safepoint (not fully initialized)

VM Mutex/Monitor currently owned by a thread: None

Dynamic libraries:
0x0000000000400000 - 0x000000000042e000 	C:\Program Files\Java\jdk1.6.0_24\jre\bin\java.exe
0x0000000077120000 - 0x00000000772c9000 	C:\Windows\SYSTEM32\ntdll.dll
0x0000000076c90000 - 0x0000000076daf000 	C:\Windows\system32\kernel32.dll
0x000007fefd8a0000 - 0x000007fefd90c000 	C:\Windows\system32\KERNELBASE.dll
0x000007fefecf0000 - 0x000007fefedcb000 	C:\Windows\system32\ADVAPI32.dll
0x000007fefedd0000 - 0x000007fefee6f000 	C:\Windows\system32\msvcrt.dll
0x000007feff3a0000 - 0x000007feff3bf000 	C:\Windows\SYSTEM32\sechost.dll
0x000007fefdd90000 - 0x000007fefdebd000 	C:\Windows\system32\RPCRT4.dll
0x000000006d890000 - 0x000000006df94000 	C:\Program Files\Java\jdk1.6.0_24\jre\bin\server\jvm.dll
0x0000000076b90000 - 0x0000000076c8a000 	C:\Windows\system32\USER32.dll
0x000007fefdc10000 - 0x000007fefdc77000 	C:\Windows\system32\GDI32.dll
0x000007fefece0000 - 0x000007fefecee000 	C:\Windows\system32\LPK.dll
0x000007fefefb0000 - 0x000007feff079000 	C:\Windows\system32\USP10.dll
0x000007fef8700000 - 0x000007fef873b000 	C:\Windows\system32\WINMM.dll
0x000007feff100000 - 0x000007feff12e000 	C:\Windows\system32\IMM32.DLL
0x000007fefdc80000 - 0x000007fefdd89000 	C:\Windows\system32\MSCTF.dll
0x000000006d800000 - 0x000000006d80e000 	C:\Program Files\Java\jdk1.6.0_24\jre\bin\verify.dll
0x000000006d450000 - 0x000000006d477000 	C:\Program Files\Java\jdk1.6.0_24\jre\bin\java.dll
0x000000006d3b0000 - 0x000000006d3ba000 	C:\Program Files\Java\jdk1.6.0_24\jre\bin\hpi.dll
0x00000000772f0000 - 0x00000000772f7000 	C:\Windows\system32\PSAPI.DLL
0x000000006d850000 - 0x000000006d862000 	C:\Program Files\Java\jdk1.6.0_24\jre\bin\zip.dll

VM Arguments:
jvm_args: -Xbootclasspath/p:N:\May2015\pwmng\${endorsed.classpath} -Dfile.encoding=UTF-8 -Xmx1g -Xms1g 
java_command: pwmng.ui.MainForm
Launcher Type: SUN_STANDARD

Environment Variables:
_JAVA_OPTIONS=-Xmx1g -Xms1g
PATH=C:\Program Files\Microsoft Solver Foundation\3.0.2.10889\Plugins;C:\Program Files\Microsoft Solver Foundation\3.0.1.10599\Plugins;C:\Program Files (x86)\PHP\;C:\Program Files\Common Files\Microsoft Shared\Windows Live;C:\Program Files (x86)\Common Files\Microsoft Shared\Windows Live;C:\Windows\system32;C:\Windows;C:\Windows\System32\Wbem;C:\Windows\System32\WindowsPowerShell\v1.0\;C:\Program Files (x86)\Windows Live\Shared;C:\Program Files (x86)\Common Files\Roxio Shared\DLLShared\;C:\Program Files (x86)\Common Files\Roxio Shared\OEM\DLLShared\;C:\Program Files (x86)\Common Files\Roxio Shared\OEM\DLLShared\;C:\Program Files (x86)\Common Files\Roxio Shared\OEM\12.0\DLLShared\;C:\Program Files (x86)\Roxio\OEM\AudioCore\;c:\Program Files (x86)\Microsoft SQL Server\90\Tools\binn\;C:\Program Files\MATLAB\R2007b\bin;C:\Program Files\MATLAB\R2007b\bin\win64;C:\Program Files\Microsoft\Web Platform Installer\;C:\Program Files\TortoiseSVN\bin;C:\Program Files (x86)\GnuWin32\bin;c:\python27\;C:\Program Files\Microsoft SQL Server\110\Tools\Binn\
USERNAME=nooshin
OS=Windows_NT
PROCESSOR_IDENTIFIER=Intel64 Family 6 Model 37 Stepping 5, GenuineIntel



---------------  S Y S T E M  ---------------

OS: Windows 7 Build 7601 Service Pack 1

CPU:total 4 (2 cores per cpu, 2 threads per core) family 6 model 37 stepping 5, cmov, cx8, fxsr, mmx, sse, sse2, sse3, ssse3, sse4.1, sse4.2, popcnt, ht

Memory: 4k page, physical 3988600k(1117604k free), swap 9712448k(1262584k free)

vm_info: Java HotSpot(TM) 64-Bit Server VM (19.1-b02) for windows-amd64 JRE (1.6.0_24-b07), built on Feb  2 2011 16:25:45 by "java_re" with MS VC++ 8.0 (VS2005)

time: Fri May 01 12:34:14 2015
elapsed time: 0 seconds

